.f.................................................!noos.gnimoc.CPteN.
.r....................................................................
.o....................................................................
.m....................................................................
......................................................................
.O....................................................................
.r....................................................................
.A....................................................................
.C....................................................................
.K....................................................................
.l....................................................................
.e....................................................................
......................................................................
.C....................................................................
.o....................................................................
.r....................................................................
.p....................................................................
.o....................................................................
.r....................................................................
.a....................................................................
.t....................................................................
.i....................................................................
.o....................................................................
.n....................................................................
......................................................................
......................................................................
......................................................................
......................................................................
......................................................................
......................................................................
......................................................................
......................................................................
......................................................................
.........The.commands.are.(better.not.substring.for.these!):..........
.........ADD..........................................................
.........HFLIP........................................................
.........VFLIP........................................................
.........REPAINT......................................................
.........CLEAR........................................................
......................................................................
......................................................................
......................................................................
......................................................................
......................................................................
......................................................................
......................................................................
......................................................................
......................................................................
123456789_123456789_123456789_123456789_123456789_123456789_123456789_
2+-------1---------2---------3---------4---------5---------6---------7
3|...................................................................|
4|...................................................................|
5|...................................................................|
6|...................................................................|
7|...................................................................|
8|...................................................................|
9|...................................................................|
_1...................................................................|
1|...................................................................|
2|...................................................................|
3|...................................................................|
4|...................................................................|
5|...................................................................|
6|...................................................................|
7|...................................................................|
8|...................................................................|
9|...................................................................|
_2...................................................................|
1|...................................................................|
2|...................................................................|
3+-------1---------2---------3---------4---------5---------6---------7
123456789_123456789_123456789_123456789_123456789_123456789_123456789_
123456789_123456789_123456789_123456789_123456789_123456789_123456789_
2+-------1---------2---------3---------4---------5---------6---------7
3|...................................................................|
4|...................................................................|
5|...................................................................|
6|...................................................................|
7|...........................Direction.Tests.........................|
8|...........................\.|./../.".\............................|
9|............................\|/..../"\.............................|
_1...........................--*--..||O||............................|
1|............................/|\....\_/.............................|
2|.........................../.|.\..\._./............................|
3|...................................................................|
4|...............................___.................................|
5|............................../...\................................|
6|..............................|o.o|................................|
7|..............................|.|.|................................|
8|..............................\.-./................................|
9|...............................\_/.................................|
_2................................*..................................|
1|...................................................................|
2|...................................................................|
3+-------1---------2---------3---------4---------5---------6---------7
123456789_123456789_123456789_123456789_123456789_123456789_123456789_
w23456789_123456789_123456789_123456789_123456789_123456789_123456789L
2e-------1---------2---------3--------.4---------5---------6--------M7
3|.................................................................N.|
4|.a..............................................................O..|
5A.Vrry.Long.Line.with.no.repeats.so.y.u.can.tell.if.someone.is.jPst.a
6|...e..........................................................Q....|
7|.............................................................R.....|
8|.....o......................................................S......|
9|......n....................................................T.......|
_1............Z....Length.Tests........................Z....U........|
1There.shouldYbe.several.Long.Lines.going.accross.the.scYeeV.........|
2|.........hX............................................XW..........|
3|.........We............................................XW..........|
4|........V.............................................Y..V.........|
5|.......U....s........................................Z....U........|
6|......Ti.....c.............................................T.......|
7|.....S........r.............................................S......|
8|....R..o.......e.............................................R.....|
9|...Q...t........e.............................................Q....|
_2..P..............n.............................................P...|
1|.O.....n........................................................O..|
2|N......o.........................................................N.|
3M-------.---------2--B------3--------.4---------5---------6--------M7
L23456789s123456789_123u56789_12345678._123456789_123456789_123456789L
123456789_123456789_123456789_123456789_123456789_123456789_123456789_
2+-------1---------2---------3---------4---------5---------6---------7
3|Flip.Tests.........................................................|
4|...................................................................|
5|...................................................................|
6|...................................................................|
7|...................................................................|
8|...................................................................|
9|...................................................................|
_1...................................................................|
1|...................................................................|
2|...................................................................|
3|...................................................................|
4|...................................................................|
5|...................................................................|
6|...................................................................|
7|...................................................................|
8|...................................................................|
9|...................................................................|
_2...................................................................|
1|...................................................................|
2|...................................................................|
3+-------1---------2---------3---------4---------5---------6---------7
123456789_123456789_123456789_123456789_123456789_123456789_123456789_
_987654321_987654321_987654321_987654321_987654321_987654321_987654321
7---------6---------5---------4---------3---------2---------1-------+2
|.........................................................stseT.pilF|3
|...................................................................|4
|...................................................................|5
|...................................................................|6
|...................................................................|7
|...................................................................|8
|...................................................................|9
|...................................................................1_
|...................................................................|1
|...................................................................|2
|...................................................................|3
|...................................................................|4
|...................................................................|5
|...................................................................|6
|...................................................................|7
|...................................................................|8
|...................................................................|9
|...................................................................2_
|...................................................................|1
|...................................................................|2
7---------6---------5---------4---------3---------2---------1-------+3
_987654321_987654321_987654321_987654321_987654321_987654321_987654321
_987654321_987654321_987654321_987654321_987654321_987654321_987654321
7---------6---------5---------4---------3---------2---------1-------+3
|...................................................................|2
|...................................................................|1
|...................................................................2_
|...................................................................|9
|...................................................................|8
|...................................................................|7
|...................................................................|6
|...................................................................|5
|...................................................................|4
|...................................................................|3
|...................................................................|2
|...................................................................|1
|...................................................................1_
|...................................................................|9
|...................................................................|8
|...................................................................|7
|...................................................................|6
|...................................................................|5
|...................................................................|4
|.........................................................stseT.pilF|3
7---------6---------5---------4---------3---------2---------1-------+2
_987654321_987654321_987654321_987654321_987654321_987654321_987654321
123456789_123456789_123456789_123456789_123456789_123456789_123456789_
3+-------1---------2---------3---------4---------5---------6---------7
2|...................................................................|
1|...................................................................|
_2...................................................................|
9|...................................................................|
8|...................................................................|
7|...................................................................|
6|...................................................................|
5|...................................................................|
4|...................................................................|
3|...................................................................|
2|...................................................................|
1|...................................................................|
_1...................................................................|
9|...................................................................|
8|...................................................................|
7|...................................................................|
6|...................................................................|
5|...................................................................|
4|...................................................................|
3|Flip.Tests.........................................................|
2+-------1---------2---------3---------4---------5---------6---------7
123456789_123456789_123456789_123456789_123456789_123456789_123456789_
123456789_123456789_123456789_123456789_123456789_123456789_123456789_
2+-------1---------2---------3---------4---------5---------6---------7
3|Flip.Tests.........................................................|
4|...................................................................|
5|...................................................................|
6|...................................................................|
7|...................................................................|
8|...................................................................|
9|...................................................................|
_1...................................................................|
1|...................................................................|
2|...................................................................|
3|...................................................................|
4|...................................................................|
5|...................................................................|
6|...................................................................|
7|...................................................................|
8|...................................................................|
9|...................................................................|
_2...................................................................|
1|...................................................................|
2|...................................................................|
3+-------1---------2---------3---------4---------5---------6---------7
123456789_123456789_123456789_123456789_123456789_123456789_123456789_
