Data set 1
   Stack 1: 1 2 3
   Stack 2: 1 2
   Stack 3: 1 2
   Stack 4: 1 3
   Stack 5: 1 3
   Stack 6: 2 3
   Stack 7: 2 3

Data set 2
   Stack 1: 1 2
   Stack 2: 1 2
   Stack 3: 1 3
   Stack 4: 1 3
   Stack 5: 1 3
   Stack 6: 2 3
   Stack 7: 2 3
   Stack 8: 2

Data set 3
   Stack 1: 1 1 1 1 1 1 1 1 1 1 2 2 2 2 2 2 2 2 2 2 3 3 3 3 3 3 3 3 3 3 4 4 4 4 4 4 4 4 4 4 5 5 5 5 5 5 5 5 5 5 6 6 6 6 6 6 6 6 6 6 7 7 7 7 7 7 7 7 7 7 8 8 8 8 8 8 8 8 8 8 9 9 9 9 9 9 9 9 9 9 10 10 10 10 10 10 10 10 10 10

Data set 4
   Stack 1: 1 2 3 4 5 6 7 8
   Stack 2: 1 2 3 4 5 6 7 8
   Stack 3: 1 2 3 4 5 6 7 8
   Stack 4: 1 2 3 4 5 6 7 8
   Stack 5: 1 2 3 4 5 6 7 8

Data set 5
   Stack 1: 1
   Stack 2:
   Stack 3:
   Stack 4:
   Stack 5:
   Stack 6:

Data set 6
   Stack 1: 1 1 1 2 2 3 3 3
   Stack 2: 1 1 2 2 2 3 3

Data set 7
   Stack 1: 1 1 1 2 2 3 3 3 4 4 5 5 5 6 6 7 7 7 8 8 9 9 9 10 10
   Stack 2: 1 1 1 2 2 3 3 3 4 4 5 5 5 6 6 7 7 7 8 8 9 9 9 10 10
   Stack 3: 1 1 2 2 2 3 3 4 4 4 5 5 6 6 6 7 7 8 8 8 9 9 10 10 10
   Stack 4: 1 1 2 2 2 3 3 4 4 4 5 5 6 6 6 7 7 8 8 8 9 9 10 10 10

Data set 8
   Stack 1: 1 6
   Stack 2: 2 7
   Stack 3: 3 8
   Stack 4: 4 9
   Stack 5: 5 10

Data set 9
   Stack 1: 1 2 3 4 5 6 7 8 9 10

